<?xml version="1.0" encoding="UTF-8"?>
<testng-results skipped="0" failed="0" total="2" passed="2">
  <reporter-output>
  </reporter-output>
  <suite name="Default suite" duration-ms="25629" started-at="2016-04-14T18:03:37Z" finished-at="2016-04-14T18:04:03Z">
    <groups>
    </groups>
    <test name="Default test" duration-ms="25629" started-at="2016-04-14T18:03:37Z" finished-at="2016-04-14T18:04:03Z">
      <class name="pandora.PandoraTest">
        <test-method status="PASS" signature="setup()[pri:0, instance:pandora.PandoraTest@27f674d]" name="setup" is-config="true" duration-ms="3424" started-at="2016-04-14T13:03:37Z" finished-at="2016-04-14T13:03:40Z">
          <reporter-output>
          </reporter-output>
        </test-method> <!-- setup -->
        <test-method status="PASS" signature="searchRadioTest()[pri:0, instance:pandora.PandoraTest@27f674d]" name="searchRadioTest" duration-ms="11114" started-at="2016-04-14T13:03:40Z" finished-at="2016-04-14T13:03:52Z">
          <reporter-output>
          </reporter-output>
        </test-method> <!-- searchRadioTest -->
        <test-method status="PASS" signature="tearDown()[pri:0, instance:pandora.PandoraTest@27f674d]" name="tearDown" is-config="true" duration-ms="390" started-at="2016-04-14T13:03:52Z" finished-at="2016-04-14T13:03:52Z">
          <reporter-output>
          </reporter-output>
        </test-method> <!-- tearDown -->
        <test-method status="PASS" signature="setup()[pri:0, instance:pandora.PandoraTest@27f674d]" name="setup" is-config="true" duration-ms="2340" started-at="2016-04-14T13:03:52Z" finished-at="2016-04-14T13:03:54Z">
          <reporter-output>
          </reporter-output>
        </test-method> <!-- setup -->
        <test-method status="PASS" signature="signUpTest()[pri:0, instance:pandora.PandoraTest@27f674d]" name="signUpTest" duration-ms="8095" started-at="2016-04-14T13:03:54Z" finished-at="2016-04-14T13:04:02Z">
          <reporter-output>
          </reporter-output>
        </test-method> <!-- signUpTest -->
        <test-method status="PASS" signature="tearDown()[pri:0, instance:pandora.PandoraTest@27f674d]" name="tearDown" is-config="true" duration-ms="229" started-at="2016-04-14T13:04:02Z" finished-at="2016-04-14T13:04:03Z">
          <reporter-output>
          </reporter-output>
        </test-method> <!-- tearDown -->
      </class> <!-- pandora.PandoraTest -->
    </test> <!-- Default test -->
  </suite> <!-- Default suite -->
</testng-results>
