<?xml version="1.0" encoding="UTF-8"?>
<testng-results skipped="0" failed="0" total="1" passed="1">
  <reporter-output>
  </reporter-output>
  <suite name="Default suite" duration-ms="3218" started-at="2016-04-13T18:17:49Z" finished-at="2016-04-13T18:17:52Z">
    <groups>
    </groups>
    <test name="Default test" duration-ms="3218" started-at="2016-04-13T18:17:49Z" finished-at="2016-04-13T18:17:52Z">
      <class name="unit.DriverManagerTest">
        <test-method status="PASS" signature="getFirefoxBrowserTest()[pri:0, instance:unit.DriverManagerTest@d041cf]" name="getFirefoxBrowserTest" duration-ms="3196" started-at="2016-04-13T13:17:49Z" finished-at="2016-04-13T13:17:52Z">
          <reporter-output>
          </reporter-output>
        </test-method> <!-- getFirefoxBrowserTest -->
      </class> <!-- unit.DriverManagerTest -->
    </test> <!-- Default test -->
  </suite> <!-- Default suite -->
</testng-results>
